<?xml version="1.0" encoding="UTF-8"?>
<!-- Generated by org.testng.reporters.JUnitReportReporter -->
<testsuite hostname="LAPTOP-R4J2S6L4" failures="0" tests="1" name="com.hrms.testscripts.TC005_Locations" time="54.593" errors="0" timestamp="10 Apr 2024 16:05:51 GMT">
  <testcase classname="com.hrms.testscripts.TC005_Locations" name="tc005" time="54.593"/>
</testsuite> <!-- com.hrms.testscripts.TC005_Locations -->
